{
  "0 debug pnpm:scope": {
    "selected": 1
  },
  "1 error pnpm": {
    "code": "ELIFECYCLE",
    "errno": "ENOENT",
    "syscall": "spawn",
    "file": "sh",
    "pkgid": "actions-test@0.0.7",
    "stage": "package",
    "script": "svelte-kit package",
    "pkgname": "actions-test",
    "err": {
      "name": "pnpm",
      "message": "actions-test@0.0.7 package: `svelte-kit package`\nspawn ENOENT",
      "code": "ELIFECYCLE",
      "stack": "pnpm: actions-test@0.0.7 package: `svelte-kit package`\nspawn ENOENT\n    at ChildProcess.<anonymous> (/home/jml/.fnm/node-versions/v16.14.0/installation/pnpm-global/5/node_modules/.pnpm/pnpm@6.32.3/node_modules/pnpm/dist/pnpm.cjs:92278:22)\n    at ChildProcess.emit (node:events:520:28)\n    at maybeClose (node:internal/child_process:1092:16)\n    at Process.ChildProcess._handle.onexit (node:internal/child_process:302:5)"
    }
  },
  "2 warn pnpm:global": " Local package.json exists, but node_modules missing, did you mean to install?"
}